::1 - - [16/Aug/2022:20:29:07 +0000] "POST /virtual/create HTTP/1.1" 500 923 "-" "PostmanRuntime/7.29.2"
::1 - - [17/Aug/2022:09:34:06 +0000] "POST /virtual/create HTTP/1.1" 200 38 "-" "PostmanRuntime/7.29.2"
::1 - - [17/Aug/2022:10:56:40 +0000] "GET /virtual/findone HTTP/1.1" 404 70 "-" "PostmanRuntime/7.29.2"
::1 - - [17/Aug/2022:10:57:50 +0000] "GET /virtual/findone HTTP/1.1" 400 510 "-" "PostmanRuntime/7.29.2"
::1 - - [17/Aug/2022:10:59:43 +0000] "GET /virtual/findone HTTP/1.1" 200 249 "-" "PostmanRuntime/7.29.2"
::1 - - [17/Aug/2022:11:01:08 +0000] "GET /virtual/retrive HTTP/1.1" 200 251 "-" "PostmanRuntime/7.29.2"
::1 - - [17/Aug/2022:11:04:36 +0000] "POST /virtual/update HTTP/1.1" 200 291 "-" "PostmanRuntime/7.29.2"
::1 - - [17/Aug/2022:11:06:18 +0000] "POST /virtual/update HTTP/1.1" 200 291 "-" "PostmanRuntime/7.29.2"
::1 - - [17/Aug/2022:11:07:04 +0000] "POST /virtual/update HTTP/1.1" 200 55 "-" "PostmanRuntime/7.29.2"
::1 - - [17/Aug/2022:11:08:31 +0000] "POST /virtual/update HTTP/1.1" 200 292 "-" "PostmanRuntime/7.29.2"
::1 - - [17/Aug/2022:11:11:00 +0000] "POST /virtual/update HTTP/1.1" 200 291 "-" "PostmanRuntime/7.29.2"
::1 - - [17/Aug/2022:11:12:55 +0000] "POST /virtual/delete HTTP/1.1" 200 24 "-" "PostmanRuntime/7.29.2"
::1 - - [01/Sep/2022:13:12:07 +0000] "POST /create/transfer HTTP/1.1" 500 1090 "-" "PostmanRuntime/7.29.2"
::1 - - [01/Sep/2022:13:13:13 +0000] "POST /create/transfer HTTP/1.1" 500 1124 "-" "PostmanRuntime/7.29.2"
::1 - - [01/Sep/2022:13:13:39 +0000] "POST /create/transfer HTTP/1.1" 500 1124 "-" "PostmanRuntime/7.29.2"
::1 - - [01/Sep/2022:14:39:18 +0000] "POST /create/transfer HTTP/1.1" 500 1151 "-" "PostmanRuntime/7.29.2"
::1 - - [01/Sep/2022:14:42:59 +0000] "POST /create/transfer HTTP/1.1" 500 1151 "-" "PostmanRuntime/7.29.2"
::1 - - [01/Sep/2022:14:44:51 +0000] "POST /create/transfer HTTP/1.1" 500 1151 "-" "PostmanRuntime/7.29.2"
::1 - - [01/Sep/2022:14:51:34 +0000] "GET /transfer/check HTTP/1.1" 404 69 "-" "PostmanRuntime/7.29.2"
::1 - - [01/Sep/2022:14:56:26 +0000] "GET /create/check HTTP/1.1" 404 67 "-" "PostmanRuntime/7.29.2"
::1 - - [01/Sep/2022:19:49:31 +0000] "POST /create/check HTTP/1.1" - - "-" "PostmanRuntime/7.29.2"
::1 - - [01/Sep/2022:19:49:56 +0000] "POST /create/check HTTP/1.1" - - "-" "PostmanRuntime/7.29.2"
::1 - - [01/Sep/2022:21:37:33 +0000] "POST /create/check HTTP/1.1" - - "-" "PostmanRuntime/7.29.2"
::1 - - [01/Sep/2022:22:00:37 +0000] "POST /create/check HTTP/1.1" - - "-" "PostmanRuntime/7.29.2"
::1 - - [01/Sep/2022:22:02:32 +0000] "POST /create/check HTTP/1.1" - - "-" "PostmanRuntime/7.29.2"
::1 - - [01/Sep/2022:22:17:32 +0000] "POST /create/check HTTP/1.1" - - "-" "PostmanRuntime/7.29.2"
::1 - - [01/Sep/2022:22:19:06 +0000] "POST /create/check HTTP/1.1" - - "-" "PostmanRuntime/7.29.2"
::1 - - [01/Sep/2022:22:26:24 +0000] "POST /create/check HTTP/1.1" - - "-" "PostmanRuntime/7.29.2"
::1 - - [01/Sep/2022:22:27:34 +0000] "POST /create/check HTTP/1.1" - - "-" "PostmanRuntime/7.29.2"
::1 - - [01/Sep/2022:22:28:42 +0000] "POST /create/check HTTP/1.1" - - "-" "PostmanRuntime/7.29.2"
::1 - - [01/Sep/2022:22:49:42 +0000] "POST /create/check HTTP/1.1" - - "-" "PostmanRuntime/7.29.2"
::1 - - [01/Sep/2022:22:51:29 +0000] "POST /create/check HTTP/1.1" - - "-" "PostmanRuntime/7.29.2"
::1 - - [01/Sep/2022:23:11:51 +0000] "POST /create/check HTTP/1.1" - - "-" "PostmanRuntime/7.29.2"
::1 - - [01/Sep/2022:23:12:36 +0000] "POST /create/check HTTP/1.1" - - "-" "PostmanRuntime/7.29.2"
::1 - - [01/Sep/2022:23:13:13 +0000] "POST /create/check HTTP/1.1" - - "-" "PostmanRuntime/7.29.2"
::1 - - [02/Sep/2022:13:42:09 +0000] "POST /create/check HTTP/1.1" - - "-" "PostmanRuntime/7.29.2"
::1 - - [02/Sep/2022:13:47:12 +0000] "GET /create/check HTTP/1.1" - - "-" "PostmanRuntime/7.29.2"
::1 - - [02/Sep/2022:13:48:06 +0000] "GET /create/check HTTP/1.1" - - "-" "PostmanRuntime/7.29.2"
::1 - - [02/Sep/2022:13:50:17 +0000] "GET /create/check HTTP/1.1" - - "-" "PostmanRuntime/7.29.2"
::1 - - [02/Sep/2022:13:59:01 +0000] "GET /create/check HTTP/1.1" - - "-" "PostmanRuntime/7.29.2"
::1 - - [02/Sep/2022:13:59:33 +0000] "GET /create/check HTTP/1.1" - - "-" "PostmanRuntime/7.29.2"
::1 - - [02/Sep/2022:14:29:23 +0000] "GET /create/check HTTP/1.1" - - "-" "PostmanRuntime/7.29.2"
::1 - - [02/Sep/2022:14:53:45 +0000] "GET /create/check HTTP/1.1" - - "-" "PostmanRuntime/7.29.2"
::1 - - [02/Sep/2022:14:54:37 +0000] "GET /create/check HTTP/1.1" - - "-" "PostmanRuntime/7.29.2"
::1 - - [02/Sep/2022:14:58:43 +0000] "GET /create/check HTTP/1.1" 404 67 "-" "PostmanRuntime/7.29.2"
::1 - - [02/Sep/2022:14:58:58 +0000] "POST /create/check HTTP/1.1" - - "-" "PostmanRuntime/7.29.2"
::1 - - [02/Sep/2022:15:00:43 +0000] "POST /create/check HTTP/1.1" - - "-" "PostmanRuntime/7.29.2"
::1 - - [02/Sep/2022:15:01:50 +0000] "POST /create/check HTTP/1.1" - - "-" "PostmanRuntime/7.29.2"
::1 - - [02/Sep/2022:15:07:27 +0000] "POST /create/check HTTP/1.1" - - "-" "PostmanRuntime/7.29.2"
::1 - - [02/Sep/2022:15:08:05 +0000] "POST /create/check HTTP/1.1" - - "-" "PostmanRuntime/7.29.2"
::1 - - [02/Sep/2022:15:09:11 +0000] "GET /create/check HTTP/1.1" 404 67 "-" "PostmanRuntime/7.29.2"
::1 - - [02/Sep/2022:15:09:21 +0000] "GET /create/check HTTP/1.1" 404 67 "-" "PostmanRuntime/7.29.2"
::1 - - [02/Sep/2022:15:11:46 +0000] "POST /create/check HTTP/1.1" - - "-" "PostmanRuntime/7.29.2"
::1 - - [02/Sep/2022:15:11:56 +0000] "POST /create/check HTTP/1.1" - - "-" "PostmanRuntime/7.29.2"
::1 - - [02/Sep/2022:17:12:00 +0000] "POST /create/check HTTP/1.1" 404 67 "-" "PostmanRuntime/7.29.2"
::1 - - [02/Sep/2022:17:40:14 +0000] "GET /create/check HTTP/1.1" - - "-" "PostmanRuntime/7.29.2"
::1 - - [04/Sep/2022:17:48:03 +0000] "POST /create/check HTTP/1.1" - - "-" "PostmanRuntime/7.29.2"
